<?xml version="1.0" encoding="UTF-8"?>
<!-- Generated by org.testng.reporters.JUnitReportReporter -->
<testsuite hostname="Krishnas-MBP.hsd1.ut.comcast.net" failures="0" tests="1" name="themoviedb.org.projecttest.AppTest" time="0.013" errors="0" timestamp="6 Mar 2019 07:49:55 GMT">
  <testcase classname="themoviedb.org.projecttest.AppTest" name="dohe" time="0.013"/>
</testsuite> <!-- themoviedb.org.projecttest.AppTest -->
