<?xml version="1.0" encoding="UTF-8"?>
<!-- Generated by org.testng.reporters.JUnitReportReporter -->
<testsuite hostname="Krishnas-MBP.hsd1.ut.comcast.net" failures="0" tests="3" name="themoviedb.org.projecttest.AuthenticationTests" time="2.863" errors="0" timestamp="8 Mar 2019 08:31:06 GMT">
  <testcase classname="themoviedb.org.projecttest.AuthenticationTests" name="checkRequestToken" time="1.930"/>
  <testcase classname="themoviedb.org.projecttest.AuthenticationTests" name="authenticationInvalidKey" time="0.423"/>
  <testcase classname="themoviedb.org.projecttest.AuthenticationTests" name="authenticationHappyPath" time="0.510"/>
</testsuite> <!-- themoviedb.org.projecttest.AuthenticationTests -->
