<?xml version="1.0" encoding="UTF-8"?>
<!-- Generated by org.testng.reporters.JUnitReportReporter -->
<testsuite hostname="Krishnas-MBP.hsd1.ut.comcast.net" failures="0" tests="2" name="themoviedb.org.projecttest.OneMovieSmokeTest" time="1.523" errors="0" timestamp="8 Mar 2019 08:31:06 GMT">
  <testcase classname="themoviedb.org.projecttest.OneMovieSmokeTest" name="movieData" time="0.688"/>
  <testcase classname="themoviedb.org.projecttest.OneMovieSmokeTest" name="movieRequestok" time="0.835"/>
</testsuite> <!-- themoviedb.org.projecttest.OneMovieSmokeTest -->
