<?xml version="1.0" encoding="UTF-8"?>
<!-- Generated by org.testng.reporters.JUnitReportReporter -->
<testsuite hostname="Krishnas-MBP.hsd1.ut.comcast.net" failures="0" tests="1" name="themoviedb.org.projecttest.HappyPaths" time="4.704" errors="0" timestamp="7 Mar 2019 07:23:16 GMT">
  <testcase classname="themoviedb.org.projecttest.HappyPaths" name="checkSessionid" time="4.704"/>
</testsuite> <!-- themoviedb.org.projecttest.HappyPaths -->
